<?xml version="1.0" encoding="utf-8"?>
<TestRun id="e4ac9060-0ab5-4872-b228-ef90666e2c94" name="admin@DESKTOP-UON4MGI 2026-02-27 00:52:06" runUser="DESKTOP-UON4MGI\admin" xmlns="http://microsoft.com/schemas/VisualStudio/TeamTest/2010">
  <Times creation="2026-02-27T00:52:06.7559029+07:00" queuing="2026-02-27T00:52:06.7559033+07:00" start="2026-02-27T00:52:06.0640371+07:00" finish="2026-02-27T00:52:06.7703380+07:00" />
  <TestSettings name="default" id="b31456c3-9b8f-41b3-8456-90450864c24f">
    <Deployment runDeploymentRoot="admin_DESKTOP-UON4MGI_2026-02-27_00_52_06" />
  </TestSettings>
  <Results>
    <UnitTestResult executionId="0b29e147-d98d-4f1d-a578-148c7324b1ba" testId="ec786177-555b-5a8d-3070-e5489ba027f9" testName="CloudM.Tests.Services.StoryServiceTests.CreateStoryAsync_WithImageStoryAndTextStyleKeys_ThrowsBadRequestException" computerName="DESKTOP-UON4MGI" duration="00:00:00.1195985" startTime="2026-02-27T00:52:06.6737067+07:00" endTime="2026-02-27T00:52:06.6737207+07:00" testType="13cdc9d9-ddb5-4fa4-a97d-d965ccfc6d4b" outcome="Failed" testListId="8c84fa94-04c1-424b-9868-57a2d4851a1d" relativeResultsDirectory="0b29e147-d98d-4f1d-a578-148c7324b1ba">
      <Output>
        <ErrorInfo>
          <Message>Expected the exception message to match the equivalent of "Text style keys are only allowed for text story.", but "MediaFile must be an image for image story." does not.</Message>
          <StackTrace>   at FluentAssertions.Execution.LateBoundTestFramework.Throw(String message)&#xD;
   at FluentAssertions.Execution.DefaultAssertionStrategy.HandleFailure(String message)&#xD;
   at FluentAssertions.Execution.AssertionScope.AddPreFormattedFailure(String formattedFailureMessage)&#xD;
   at FluentAssertions.Execution.AssertionChain.FailWith(Func`1 getFailureReason)&#xD;
   at FluentAssertions.Execution.AssertionChain.FailWith(Func`1 getFailureReason)&#xD;
   at FluentAssertions.Execution.AssertionChain.FailWith(String message, Object[] args)&#xD;
   at FluentAssertions.Specialized.ExceptionAssertions`1.AssertExceptionMessage(Action`1 messageAssertion)&#xD;
   at FluentAssertions.Specialized.ExceptionAssertions`1.WithMessage(String expectedWildcardPattern, String because, Object[] becauseArgs)&#xD;
   at FluentAssertions.ExceptionAssertionsExtensions.WithMessage[TException](Task`1 task, String expectedWildcardPattern, String because, Object[] becauseArgs)&#xD;
   at CloudM.Tests.Services.StoryServiceTests.CreateStoryAsync_WithImageStoryAndTextStyleKeys_ThrowsBadRequestException() in E:\PersonalProject\CloudM\CloudM\CloudM.Tests\Services\StoryServiceTests.cs:line 327&#xD;
--- End of stack trace from previous location ---</StackTrace>
        </ErrorInfo>
      </Output>
    </UnitTestResult>
  </Results>
  <TestDefinitions>
    <UnitTest name="CloudM.Tests.Services.StoryServiceTests.CreateStoryAsync_WithImageStoryAndTextStyleKeys_ThrowsBadRequestException" storage="e:\personalproject\CloudM\CloudM\CloudM.tests\bin\debug\net9.0\CloudM.tests.dll" id="ec786177-555b-5a8d-3070-e5489ba027f9">
      <Execution id="0b29e147-d98d-4f1d-a578-148c7324b1ba" />
      <TestMethod codeBase="E:\PersonalProject\CloudM\CloudM\CloudM.Tests\bin\Debug\net9.0\CloudM.Tests.dll" adapterTypeName="executor://xunit/VsTestRunner2/netcoreapp" className="CloudM.Tests.Services.StoryServiceTests" name="CreateStoryAsync_WithImageStoryAndTextStyleKeys_ThrowsBadRequestException" />
    </UnitTest>
  </TestDefinitions>
  <TestEntries>
    <TestEntry testId="ec786177-555b-5a8d-3070-e5489ba027f9" executionId="0b29e147-d98d-4f1d-a578-148c7324b1ba" testListId="8c84fa94-04c1-424b-9868-57a2d4851a1d" />
  </TestEntries>
  <TestLists>
    <TestList name="Results Not in a List" id="8c84fa94-04c1-424b-9868-57a2d4851a1d" />
    <TestList name="All Loaded Results" id="19431567-8539-422a-85d7-44ee4e166bda" />
  </TestLists>
  <ResultSummary outcome="Failed">
    <Counters total="1" executed="1" passed="0" failed="1" error="0" timeout="0" aborted="0" inconclusive="0" passedButRunAborted="0" notRunnable="0" notExecuted="0" disconnected="0" warning="0" completed="0" inProgress="0" pending="0" />
    <Output>
      <StdOut>[xUnit.net 00:00:00.00] xUnit.net VSTest Adapter v2.8.2+699d445a1a (64-bit .NET 9.0.10)&#xD;
[xUnit.net 00:00:00.06]   Discovering: CloudM.Tests&#xD;
[xUnit.net 00:00:00.11]   Discovered:  CloudM.Tests&#xD;
[xUnit.net 00:00:00.12]   Starting:    CloudM.Tests&#xD;
     Warning:&#xD;
     The component "Fluent Assertions" is governed by the rules defined in the Xceed License Agreement and&#xD;
     the Xceed Fluent Assertions Community License. You may use Fluent Assertions free of charge for&#xD;
     non-commercial use only. An active subscription is required to use Fluent Assertions for commercial use.&#xD;
     Please contact Xceed Sales mailto:sales@xceed.com to acquire a subscription at a very low cost.&#xD;
     A paid commercial license supports the development and continued increasing support of&#xD;
     Fluent Assertions users under both commercial and community licenses. Help us&#xD;
     keep Fluent Assertions at the forefront of unit testing.&#xD;
     For more information, visit https://xceed.com/products/unit-testing/fluent-assertions/&#xD;
[xUnit.net 00:00:00.27]       Expected the exception message to match the equivalent of "Text style keys are only allowed for text story.", but "MediaFile must be an image for image story." does not.&#xD;
[xUnit.net 00:00:00.27]       Stack Trace:&#xD;
[xUnit.net 00:00:00.27]            at FluentAssertions.Execution.LateBoundTestFramework.Throw(String message)&#xD;
[xUnit.net 00:00:00.27]            at FluentAssertions.Execution.DefaultAssertionStrategy.HandleFailure(String message)&#xD;
[xUnit.net 00:00:00.27]            at FluentAssertions.Execution.AssertionScope.AddPreFormattedFailure(String formattedFailureMessage)&#xD;
[xUnit.net 00:00:00.27]            at FluentAssertions.Execution.AssertionChain.FailWith(Func`1 getFailureReason)&#xD;
[xUnit.net 00:00:00.27]            at FluentAssertions.Execution.AssertionChain.FailWith(Func`1 getFailureReason)&#xD;
[xUnit.net 00:00:00.27]            at FluentAssertions.Execution.AssertionChain.FailWith(String message, Object[] args)&#xD;
[xUnit.net 00:00:00.27]            at FluentAssertions.Specialized.ExceptionAssertions`1.AssertExceptionMessage(Action`1 messageAssertion)&#xD;
[xUnit.net 00:00:00.27]            at FluentAssertions.Specialized.ExceptionAssertions`1.WithMessage(String expectedWildcardPattern, String because, Object[] becauseArgs)&#xD;
[xUnit.net 00:00:00.27]            at FluentAssertions.ExceptionAssertionsExtensions.WithMessage[TException](Task`1 task, String expectedWildcardPattern, String because, Object[] becauseArgs)&#xD;
[xUnit.net 00:00:00.27]         E:\PersonalProject\CloudM\CloudM\CloudM.Tests\Services\StoryServiceTests.cs(327,0): at CloudM.Tests.Services.StoryServiceTests.CreateStoryAsync_WithImageStoryAndTextStyleKeys_ThrowsBadRequestException()&#xD;
[xUnit.net 00:00:00.27]         --- End of stack trace from previous location ---&#xD;
[xUnit.net 00:00:00.28]   Finished:    CloudM.Tests&#xD;
</StdOut>
    </Output>
    <RunInfos>
      <RunInfo computerName="DESKTOP-UON4MGI" outcome="Error" timestamp="2026-02-27T00:52:06.6715380+07:00">
        <Text>[xUnit.net 00:00:00.27]     CloudM.Tests.Services.StoryServiceTests.CreateStoryAsync_WithImageStoryAndTextStyleKeys_ThrowsBadRequestException [FAIL]</Text>
      </RunInfo>
    </RunInfos>
  </ResultSummary>
</TestRun>